[INFO] 2020-03-16 04:22:47,536 main: rdzv init method=etcd://etcd:2379/imagenet?min_workers=2&max_workers=4&last_call_timeout=5
[INFO] 2020-03-16 04:22:47,536 main: Loading data from: /data/tiny-imagenet-200/train
[INFO] 2020-03-16 04:23:12,261 main: Loading model: resnet101
[INFO] 2020-03-16 04:23:15,362 main: Rank [0] running on GPU [0]
INFO 2020-03-16 04:23:15,368 Etcd machines: ['http://0.0.0.0:2379']
[INFO] 2020-03-16 04:23:15,411 main: Entering torchelastic train_loop
INFO 2020-03-16 04:23:15,412 Attempting to join next rendezvous
INFO 2020-03-16 04:23:15,428 Observed existing rendezvous state: {'status': 'final', 'version': '25', 'participants': [0, 1, 2], 'keep_alives': ['/torchelastic/p2p/run_imagenet/rdzv/v_25/rank_0', '/torchelastic/p2p/run_imagenet/rdzv/v_25/rank_1', '/torchelastic/p2p/run_imagenet/rdzv/v_25/rank_2'], 'num_workers_waiting': 0}
INFO 2020-03-16 04:23:15,500 Added self to waiting list. Rendezvous full state: {"status": "final", "version": "25", "participants": [0, 1, 2], "keep_alives": ["/torchelastic/p2p/run_imagenet/rdzv/v_25/rank_0", "/torchelastic/p2p/run_imagenet/rdzv/v_25/rank_1", "/torchelastic/p2p/run_imagenet/rdzv/v_25/rank_2"], "num_workers_waiting": 1}
INFO 2020-03-16 04:23:24,557 Keep-alive key /torchelastic/p2p/run_imagenet/rdzv/v_25/rank_2 is not renewed.
INFO 2020-03-16 04:23:24,557 Rendevous version 25 is incomplete. 
INFO 2020-03-16 04:23:24,557 Attempting to destroy it.
INFO 2020-03-16 04:23:24,568 Destroyed rendezvous version 25 successfully.
INFO 2020-03-16 04:23:24,568 Previously existing rendezvous state changed. Will re-try joining.
INFO 2020-03-16 04:23:24,568 Attempting to join next rendezvous
INFO 2020-03-16 04:23:24,630 New rendezvous state created: {'status': 'joinable', 'version': '26', 'participants': []}
INFO 2020-03-16 04:23:24,721 Joined rendezvous version 26 as rank 0. Full state: {'status': 'joinable', 'version': '26', 'participants': [0]}
INFO 2020-03-16 04:23:24,721 Waiting for remaining peers.
INFO 2020-03-16 04:23:25,683 All peers arrived. Confirming membership.
INFO 2020-03-16 04:23:25,755 Waiting for confirmations from all peers.
INFO 2020-03-16 04:23:25,912 Rendezvous version 26 is complete. Final state: {'status': 'final', 'version': '26', 'participants': [0, 1, 2, 3], 'keep_alives': ['/torchelastic/p2p/run_imagenet/rdzv/v_26/rank_0', '/torchelastic/p2p/run_imagenet/rdzv/v_26/rank_3', '/torchelastic/p2p/run_imagenet/rdzv/v_26/rank_1', '/torchelastic/p2p/run_imagenet/rdzv/v_26/rank_2'], 'num_workers_waiting': 0}
INFO 2020-03-16 04:23:25,912 Using TCPStore for c10d::Store implementation
INFO 2020-03-16 04:23:25,927 Setting up TCPStore server on imagenet-3:52267
INFO 2020-03-16 04:23:25,937 TCPStore server initialized on imagenet-3:52267
[INFO] 2020-03-16 04:23:25,938 coordinator_p2p: Got next rendezvous: rank 0, world size 4
[INFO] 2020-03-16 04:23:25,971 coordinator_p2p: Initialized process group rank 0, world size 4
[INFO] 2020-03-16 04:23:42,470 main: Rank 0: Model state synced from rank: 1
	batch_size=32
	num_data_workers=0
	data_start_index=35520
	iteration=411
	epoch=0/2
[INFO] 2020-03-16 04:23:47,089 train_loop: Rank 0 synced state with other nodes
[INFO] 2020-03-16 04:23:57,705 main: epoch: 0, iteration: 411, data_idx: 48672
[INFO] 2020-03-16 04:24:05,787 main: epoch: 0, iteration: 412, data_idx: 48832
